<?xml version="1.0" encoding="UTF-8"?>
<!-- Generated by org.testng.reporters.JUnitXMLReporter -->
<testsuite ignored="0" hostname="AARTHI" failures="1" tests="2" name="Test" time="545.331" errors="0" timestamp="2021-07-12T02:33:00 EDT">
  <testcase classname="MavenProject.googleTitleCheck" name="titleCheck" time="11.239"/>
  <testcase classname="MavenProject.gmailLoginCheck" name="loginCheck" time="533.992">
    <failure type="org.openqa.selenium.SessionNotCreatedException" message="session not created
from disconnected: Unable to receive message from renderer
  (Session info: chrome=91.0.4472.124)
Build info: version: &amp;apos;3.141.59&amp;apos;, revision: &amp;apos;e82be7d358&amp;apos;, time: &amp;apos;2018-11-14T08:17:03&amp;apos;
System info: host: &amp;apos;AARTHI&amp;apos;, ip: &amp;apos;192.168.68.115&amp;apos;, os.name: &amp;apos;Windows 10&amp;apos;, os.arch: &amp;apos;amd64&amp;apos;, os.version: &amp;apos;10.0&amp;apos;, java.version: &amp;apos;11.0.11&amp;apos;
Driver info: driver.version: ChromeDriver
remote stacktrace: Backtrace:
	Ordinal0 [0x00DA3733+2504499]
	Ordinal0 [0x00D3C401+2081793]
	Ordinal0 [0x00C42628+1058344]
	Ordinal0 [0x00C34F79+1003385]
	Ordinal0 [0x00C33EF9+999161]
	Ordinal0 [0x00C341B6+999862]
	Ordinal0 [0x00C33AA5+998053]
	Ordinal0 [0x00C3A6DD+1025757]
	Ordinal0 [0x00C33A61+997985]
	Ordinal0 [0x00C34986+1001862]
	Ordinal0 [0x00C33EF9+999161]
	Ordinal0 [0x00C341B6+999862]
	Ordinal0 [0x00C33AA5+998053]
	Ordinal0 [0x00C3990C+1022220]
	Ordinal0 [0x00C33A61+997985]
	Ordinal0 [0x00C34986+1001862]
	Ordinal0 [0x00C33EF9+999161]
	Ordinal0 [0x00C341B6+999862]
	Ordinal0 [0x00C33AA5+998053]
	Ordinal0 [0x00C2F5DD+980445]
	Ordinal0 [0x00C33A61+997985]
	Ordinal0 [0x00C33800+997376]
	Ordinal0 [0x00C33599+996761]
	Ordinal0 [0x00C43830+1062960]
	Ordinal0 [0x00C8ABB9+1354681]
	Ordinal0 [0x00C897DA+1349594]
	Ordinal0 [0x00C85D4B+1334603]
	Ordinal0 [0x00C622B4+1188532]
	Ordinal0 [0x00C63149+1192265]
	GetHandleVerifier [0x00F1FB8C+1512252]
	GetHandleVerifier [0x00FCB0DF+2214031]
	GetHandleVerifier [0x00E24BC3+484211]
	GetHandleVerifier [0x00E23E69+480793]
	Ordinal0 [0x00D4218D+2105741]
	Ordinal0 [0x00D466E8+2123496]
	Ordinal0 [0x00D46827+2123815]
	Ordinal0 [0x00D4FB73+2161523]
	BaseThreadInitThunk [0x7706FA29+25]
	RtlGetAppContainerNamedObjectPath [0x774A7A7E+286]
	RtlGetAppContainerNamedObjectPath [0x774A7A4E+238]
">
      <![CDATA[org.openqa.selenium.SessionNotCreatedException: session not created
from disconnected: Unable to receive message from renderer
  (Session info: chrome=91.0.4472.124)
Build info: version: '3.141.59', revision: 'e82be7d358', time: '2018-11-14T08:17:03'
System info: host: 'AARTHI', ip: '192.168.68.115', os.name: 'Windows 10', os.arch: 'amd64', os.version: '10.0', java.version: '11.0.11'
Driver info: driver.version: ChromeDriver
remote stacktrace: Backtrace:
Ordinal0 [0x00DA3733+2504499]
Ordinal0 [0x00D3C401+2081793]
Ordinal0 [0x00C42628+1058344]
Ordinal0 [0x00C34F79+1003385]
Ordinal0 [0x00C33EF9+999161]
Ordinal0 [0x00C341B6+999862]
Ordinal0 [0x00C33AA5+998053]
Ordinal0 [0x00C3A6DD+1025757]
Ordinal0 [0x00C33A61+997985]
Ordinal0 [0x00C34986+1001862]
Ordinal0 [0x00C33EF9+999161]
Ordinal0 [0x00C341B6+999862]
Ordinal0 [0x00C33AA5+998053]
Ordinal0 [0x00C3990C+1022220]
Ordinal0 [0x00C33A61+997985]
Ordinal0 [0x00C34986+1001862]
Ordinal0 [0x00C33EF9+999161]
Ordinal0 [0x00C341B6+999862]
Ordinal0 [0x00C33AA5+998053]
Ordinal0 [0x00C2F5DD+980445]
Ordinal0 [0x00C33A61+997985]
Ordinal0 [0x00C33800+997376]
Ordinal0 [0x00C33599+996761]
Ordinal0 [0x00C43830+1062960]
Ordinal0 [0x00C8ABB9+1354681]
Ordinal0 [0x00C897DA+1349594]
Ordinal0 [0x00C85D4B+1334603]
Ordinal0 [0x00C622B4+1188532]
Ordinal0 [0x00C63149+1192265]
GetHandleVerifier [0x00F1FB8C+1512252]
GetHandleVerifier [0x00FCB0DF+2214031]
GetHandleVerifier [0x00E24BC3+484211]
GetHandleVerifier [0x00E23E69+480793]
Ordinal0 [0x00D4218D+2105741]
Ordinal0 [0x00D466E8+2123496]
Ordinal0 [0x00D46827+2123815]
Ordinal0 [0x00D4FB73+2161523]
BaseThreadInitThunk [0x7706FA29+25]
RtlGetAppContainerNamedObjectPath [0x774A7A7E+286]
RtlGetAppContainerNamedObjectPath [0x774A7A4E+238]

at org.openqa.selenium.remote.W3CHandshakeResponse.lambda$errorHandler$0(W3CHandshakeResponse.java:62)
at org.openqa.selenium.remote.HandshakeResponse.lambda$getResponseFunction$0(HandshakeResponse.java:30)
at org.openqa.selenium.remote.ProtocolHandshake.lambda$createSession$0(ProtocolHandshake.java:126)
at java.base/java.util.stream.ReferencePipeline$3$1.accept(ReferencePipeline.java:195)
at java.base/java.util.Spliterators$ArraySpliterator.tryAdvance(Spliterators.java:958)
at java.base/java.util.stream.ReferencePipeline.forEachWithCancel(ReferencePipeline.java:127)
at java.base/java.util.stream.AbstractPipeline.copyIntoWithCancel(AbstractPipeline.java:502)
at java.base/java.util.stream.AbstractPipeline.copyInto(AbstractPipeline.java:488)
at java.base/java.util.stream.AbstractPipeline.wrapAndCopyInto(AbstractPipeline.java:474)
at java.base/java.util.stream.FindOps$FindOp.evaluateSequential(FindOps.java:150)
at java.base/java.util.stream.AbstractPipeline.evaluate(AbstractPipeline.java:234)
at java.base/java.util.stream.ReferencePipeline.findFirst(ReferencePipeline.java:543)
at org.openqa.selenium.remote.ProtocolHandshake.createSession(ProtocolHandshake.java:128)
at org.openqa.selenium.remote.ProtocolHandshake.createSession(ProtocolHandshake.java:74)
at org.openqa.selenium.remote.HttpCommandExecutor.execute(HttpCommandExecutor.java:136)
at org.openqa.selenium.remote.service.DriverCommandExecutor.execute(DriverCommandExecutor.java:83)
at org.openqa.selenium.remote.RemoteWebDriver.execute(RemoteWebDriver.java:552)
at org.openqa.selenium.remote.RemoteWebDriver.startSession(RemoteWebDriver.java:213)
at org.openqa.selenium.remote.RemoteWebDriver.<init>(RemoteWebDriver.java:131)
at org.openqa.selenium.chrome.ChromeDriver.<init>(ChromeDriver.java:181)
at org.openqa.selenium.chrome.ChromeDriver.<init>(ChromeDriver.java:168)
at org.openqa.selenium.chrome.ChromeDriver.<init>(ChromeDriver.java:123)
at MavenProject.gmailLoginCheck.loginCheck(gmailLoginCheck.java:15)
at java.base/java.util.ArrayList.forEach(ArrayList.java:1541)
... Removed 35 stack frames]]>
    </failure>
  </testcase> <!-- loginCheck -->
</testsuite> <!-- Test -->
