<?xml version="1.0" encoding="UTF-8"?>
<!-- Generated by org.testng.reporters.JUnitReportReporter -->
<testsuite hostname="AARTHI" failures="0" tests="1" name="MavenProject.gmailLoginCheck" time="533.992" errors="1" timestamp="2021-07-12T02:33:00 EDT" skipped="0">
  <testcase classname="MavenProject.gmailLoginCheck" name="loginCheck" time="533.992">
    <error message="session not created
from disconnected: Unable to receive message from renderer
  (Session info: chrome=91.0.4472.124)
Build info: version: &#039;3.141.59&#039;, revision: &#039;e82be7d358&#039;, time: &#039;2018-11-14T08:17:03&#039;
System info: host: &#039;AARTHI&#039;, ip: &#039;192.168.68.115&#039;, os.name: &#039;Windows 10&#039;, os.arch: &#039;amd64&#039;, os.version: &#039;10.0&#039;, java.version: &#039;11.0.11&#039;
Driver info: driver.version: ChromeDriver
remote stacktrace: Backtrace:
	Ordinal0 [0x00DA3733+2504499]
	Ordinal0 [0x00D3C401+2081793]
	Ordinal0 [0x00C42628+1058344]
	Ordinal0 [0x00C34F79+1003385]
	Ordinal0 [0x00C33EF9+999161]
	Ordinal0 [0x00C341B6+999862]
	Ordinal0 [0x00C33AA5+998053]
	Ordinal0 [0x00C3A6DD+1025757]
	Ordinal0 [0x00C33A61+997985]
	Ordinal0 [0x00C34986+1001862]
	Ordinal0 [0x00C33EF9+999161]
	Ordinal0 [0x00C341B6+999862]
	Ordinal0 [0x00C33AA5+998053]
	Ordinal0 [0x00C3990C+1022220]
	Ordinal0 [0x00C33A61+997985]
	Ordinal0 [0x00C34986+1001862]
	Ordinal0 [0x00C33EF9+999161]
	Ordinal0 [0x00C341B6+999862]
	Ordinal0 [0x00C33AA5+998053]
	Ordinal0 [0x00C2F5DD+980445]
	Ordinal0 [0x00C33A61+997985]
	Ordinal0 [0x00C33800+997376]
	Ordinal0 [0x00C33599+996761]
	Ordinal0 [0x00C43830+1062960]
	Ordinal0 [0x00C8ABB9+1354681]
	Ordinal0 [0x00C897DA+1349594]
	Ordinal0 [0x00C85D4B+1334603]
	Ordinal0 [0x00C622B4+1188532]
	Ordinal0 [0x00C63149+1192265]
	GetHandleVerifier [0x00F1FB8C+1512252]
	GetHandleVerifier [0x00FCB0DF+2214031]
	GetHandleVerifier [0x00E24BC3+484211]
	GetHandleVerifier [0x00E23E69+480793]
	Ordinal0 [0x00D4218D+2105741]
	Ordinal0 [0x00D466E8+2123496]
	Ordinal0 [0x00D46827+2123815]
	Ordinal0 [0x00D4FB73+2161523]
	BaseThreadInitThunk [0x7706FA29+25]
	RtlGetAppContainerNamedObjectPath [0x774A7A7E+286]
	RtlGetAppContainerNamedObjectPath [0x774A7A4E+238]
" type="org.openqa.selenium.SessionNotCreatedException">
      <![CDATA[org.openqa.selenium.SessionNotCreatedException: session not created
from disconnected: Unable to receive message from renderer
  (Session info: chrome=91.0.4472.124)
Build info: version: '3.141.59', revision: 'e82be7d358', time: '2018-11-14T08:17:03'
System info: host: 'AARTHI', ip: '192.168.68.115', os.name: 'Windows 10', os.arch: 'amd64', os.version: '10.0', java.version: '11.0.11'
Driver info: driver.version: ChromeDriver
remote stacktrace: Backtrace:
Ordinal0 [0x00DA3733+2504499]
Ordinal0 [0x00D3C401+2081793]
Ordinal0 [0x00C42628+1058344]
Ordinal0 [0x00C34F79+1003385]
Ordinal0 [0x00C33EF9+999161]
Ordinal0 [0x00C341B6+999862]
Ordinal0 [0x00C33AA5+998053]
Ordinal0 [0x00C3A6DD+1025757]
Ordinal0 [0x00C33A61+997985]
Ordinal0 [0x00C34986+1001862]
Ordinal0 [0x00C33EF9+999161]
Ordinal0 [0x00C341B6+999862]
Ordinal0 [0x00C33AA5+998053]
Ordinal0 [0x00C3990C+1022220]
Ordinal0 [0x00C33A61+997985]
Ordinal0 [0x00C34986+1001862]
Ordinal0 [0x00C33EF9+999161]
Ordinal0 [0x00C341B6+999862]
Ordinal0 [0x00C33AA5+998053]
Ordinal0 [0x00C2F5DD+980445]
Ordinal0 [0x00C33A61+997985]
Ordinal0 [0x00C33800+997376]
Ordinal0 [0x00C33599+996761]
Ordinal0 [0x00C43830+1062960]
Ordinal0 [0x00C8ABB9+1354681]
Ordinal0 [0x00C897DA+1349594]
Ordinal0 [0x00C85D4B+1334603]
Ordinal0 [0x00C622B4+1188532]
Ordinal0 [0x00C63149+1192265]
GetHandleVerifier [0x00F1FB8C+1512252]
GetHandleVerifier [0x00FCB0DF+2214031]
GetHandleVerifier [0x00E24BC3+484211]
GetHandleVerifier [0x00E23E69+480793]
Ordinal0 [0x00D4218D+2105741]
Ordinal0 [0x00D466E8+2123496]
Ordinal0 [0x00D46827+2123815]
Ordinal0 [0x00D4FB73+2161523]
BaseThreadInitThunk [0x7706FA29+25]
RtlGetAppContainerNamedObjectPath [0x774A7A7E+286]
RtlGetAppContainerNamedObjectPath [0x774A7A4E+238]

at java.base/jdk.internal.reflect.NativeConstructorAccessorImpl.newInstance0(Native Method)
at java.base/jdk.internal.reflect.NativeConstructorAccessorImpl.newInstance(NativeConstructorAccessorImpl.java:62)
at java.base/jdk.internal.reflect.DelegatingConstructorAccessorImpl.newInstance(DelegatingConstructorAccessorImpl.java:45)
at java.base/java.lang.reflect.Constructor.newInstance(Constructor.java:490)
at org.openqa.selenium.remote.W3CHandshakeResponse.lambda$errorHandler$0(W3CHandshakeResponse.java:62)
at org.openqa.selenium.remote.HandshakeResponse.lambda$getResponseFunction$0(HandshakeResponse.java:30)
at org.openqa.selenium.remote.ProtocolHandshake.lambda$createSession$0(ProtocolHandshake.java:126)
at java.base/java.util.stream.ReferencePipeline$3$1.accept(ReferencePipeline.java:195)
at java.base/java.util.Spliterators$ArraySpliterator.tryAdvance(Spliterators.java:958)
at java.base/java.util.stream.ReferencePipeline.forEachWithCancel(ReferencePipeline.java:127)
at java.base/java.util.stream.AbstractPipeline.copyIntoWithCancel(AbstractPipeline.java:502)
at java.base/java.util.stream.AbstractPipeline.copyInto(AbstractPipeline.java:488)
at java.base/java.util.stream.AbstractPipeline.wrapAndCopyInto(AbstractPipeline.java:474)
at java.base/java.util.stream.FindOps$FindOp.evaluateSequential(FindOps.java:150)
at java.base/java.util.stream.AbstractPipeline.evaluate(AbstractPipeline.java:234)
at java.base/java.util.stream.ReferencePipeline.findFirst(ReferencePipeline.java:543)
at org.openqa.selenium.remote.ProtocolHandshake.createSession(ProtocolHandshake.java:128)
at org.openqa.selenium.remote.ProtocolHandshake.createSession(ProtocolHandshake.java:74)
at org.openqa.selenium.remote.HttpCommandExecutor.execute(HttpCommandExecutor.java:136)
at org.openqa.selenium.remote.service.DriverCommandExecutor.execute(DriverCommandExecutor.java:83)
at org.openqa.selenium.remote.RemoteWebDriver.execute(RemoteWebDriver.java:552)
at org.openqa.selenium.remote.RemoteWebDriver.startSession(RemoteWebDriver.java:213)
at org.openqa.selenium.remote.RemoteWebDriver.<init>(RemoteWebDriver.java:131)
at org.openqa.selenium.chrome.ChromeDriver.<init>(ChromeDriver.java:181)
at org.openqa.selenium.chrome.ChromeDriver.<init>(ChromeDriver.java:168)
at org.openqa.selenium.chrome.ChromeDriver.<init>(ChromeDriver.java:123)
at MavenProject.gmailLoginCheck.loginCheck(gmailLoginCheck.java:15)
at java.base/jdk.internal.reflect.NativeMethodAccessorImpl.invoke0(Native Method)
at java.base/jdk.internal.reflect.NativeMethodAccessorImpl.invoke(NativeMethodAccessorImpl.java:62)
at java.base/jdk.internal.reflect.DelegatingMethodAccessorImpl.invoke(DelegatingMethodAccessorImpl.java:43)
at java.base/java.lang.reflect.Method.invoke(Method.java:566)
at org.testng.internal.MethodInvocationHelper.invokeMethod(MethodInvocationHelper.java:133)
at org.testng.internal.TestInvoker.invokeMethod(TestInvoker.java:598)
at org.testng.internal.TestInvoker.invokeTestMethod(TestInvoker.java:173)
at org.testng.internal.MethodRunner.runInSequence(MethodRunner.java:46)
at org.testng.internal.TestInvoker$MethodInvocationAgent.invoke(TestInvoker.java:824)
at org.testng.internal.TestInvoker.invokeTestMethods(TestInvoker.java:146)
at org.testng.internal.TestMethodWorker.invokeTestMethods(TestMethodWorker.java:146)
at org.testng.internal.TestMethodWorker.run(TestMethodWorker.java:128)
at java.base/java.util.ArrayList.forEach(ArrayList.java:1541)
at org.testng.TestRunner.privateRun(TestRunner.java:794)
at org.testng.TestRunner.run(TestRunner.java:596)
at org.testng.SuiteRunner.runTest(SuiteRunner.java:377)
at org.testng.SuiteRunner.runSequentially(SuiteRunner.java:371)
at org.testng.SuiteRunner.privateRun(SuiteRunner.java:332)
at org.testng.SuiteRunner.run(SuiteRunner.java:276)
at org.testng.SuiteRunnerWorker.runSuite(SuiteRunnerWorker.java:53)
at org.testng.SuiteRunnerWorker.run(SuiteRunnerWorker.java:96)
at org.testng.TestNG.runSuitesSequentially(TestNG.java:1212)
at org.testng.TestNG.runSuitesLocally(TestNG.java:1134)
at org.testng.TestNG.runSuites(TestNG.java:1063)
at org.testng.TestNG.run(TestNG.java:1031)
at org.apache.maven.surefire.testng.TestNGExecutor.run(TestNGExecutor.java:284)
at org.apache.maven.surefire.testng.TestNGXmlTestSuite.execute(TestNGXmlTestSuite.java:75)
at org.apache.maven.surefire.testng.TestNGProvider.invoke(TestNGProvider.java:119)
at org.apache.maven.surefire.booter.ForkedBooter.runSuitesInProcess(ForkedBooter.java:428)
at org.apache.maven.surefire.booter.ForkedBooter.execute(ForkedBooter.java:162)
at org.apache.maven.surefire.booter.ForkedBooter.run(ForkedBooter.java:562)
at org.apache.maven.surefire.booter.ForkedBooter.main(ForkedBooter.java:548)
]]>
    </error>
  </testcase> <!-- loginCheck -->
  <system-out/>
</testsuite> <!-- MavenProject.gmailLoginCheck -->
